<?xml version="1.0" encoding="UTF-8"?>
<!-- Generated by org.testng.reporters.JUnitReportReporter -->
<testsuite hostname="CSPUPKASHYAP" failures="0" tests="3" name="com.qa.opencart.tests.LoginPageTest" time="1.546" errors="0" timestamp="2025-04-02T20:27:18 IST" skipped="0">
  <testcase classname="com.qa.opencart.tests.LoginPageTest" name="loginPageNavigation" time="0.354"/>
  <testcase classname="com.qa.opencart.tests.LoginPageTest" name="forgotLinkVisible" time="0.454"/>
  <testcase classname="com.qa.opencart.tests.LoginPageTest" name="appLoginTest" time="0.738"/>
</testsuite> <!-- com.qa.opencart.tests.LoginPageTest -->
